# Logfile created on Wed Mar 31 16:30:00 -0400 2010

Processing UserController#login (for 127.0.0.1 at 2010-03-31 16:30:07) [GET]
Rendering user/login
Completed in 6946ms (View: 241, DB: 0) | 200 OK [http://localhost/]


Processing UserController#login (for 127.0.0.1 at 2010-03-31 16:30:20) [POST]
  Parameters: {"commit"=>"Login", "authenticity_token"=>"B3fdpuIJIp1jZyvmrZwAw3Winsu6zsgIJG7zPBo00Tg=", "password"=>"12345", "email"=>"martim6@rpi.edu"}

ActiveRecord::StatementInvalid (Could not find table 'users'):
  app/models/user.rb:3:in `authenticate'
  app/controllers/user_controller.rb:6:in `login'
  C:/Ruby/lib/ruby/1.8/webrick/httpserver.rb:104:in `service'
  C:/Ruby/lib/ruby/1.8/webrick/httpserver.rb:65:in `run'
  C:/Ruby/lib/ruby/1.8/webrick/server.rb:173:in `start_thread'
  C:/Ruby/lib/ruby/1.8/webrick/server.rb:162:in `start'
  C:/Ruby/lib/ruby/1.8/webrick/server.rb:162:in `start_thread'
  C:/Ruby/lib/ruby/1.8/webrick/server.rb:95:in `start'
  C:/Ruby/lib/ruby/1.8/webrick/server.rb:92:in `each'
  C:/Ruby/lib/ruby/1.8/webrick/server.rb:92:in `start'
  C:/Ruby/lib/ruby/1.8/webrick/server.rb:23:in `start'
  C:/Ruby/lib/ruby/1.8/webrick/server.rb:82:in `start'

Rendered rescues/_trace (108.0ms)
Rendered rescues/_request_and_response (4.0ms)
Rendering rescues/layout (internal_server_error)


Processing UserController#login (for 127.0.0.1 at 2010-03-31 16:32:29) [GET]
Rendering user/login
Completed in 278ms (View: 274, DB: 0) | 200 OK [http://localhost/]


Processing UserController#login (for 127.0.0.1 at 2010-03-31 16:32:38) [POST]
  Parameters: {"commit"=>"Login", "authenticity_token"=>"B3fdpuIJIp1jZyvmrZwAw3Winsu6zsgIJG7zPBo00Tg=", "password"=>"martim6", "email"=>"martim6@rpi.edu"}

ActiveRecord::StatementInvalid (Could not find table 'users'):
  app/models/user.rb:3:in `authenticate'
  app/controllers/user_controller.rb:6:in `login'
  C:/Ruby/lib/ruby/1.8/webrick/httpserver.rb:104:in `service'
  C:/Ruby/lib/ruby/1.8/webrick/httpserver.rb:65:in `run'
  C:/Ruby/lib/ruby/1.8/webrick/server.rb:173:in `start_thread'
  C:/Ruby/lib/ruby/1.8/webrick/server.rb:162:in `start'
  C:/Ruby/lib/ruby/1.8/webrick/server.rb:162:in `start_thread'
  C:/Ruby/lib/ruby/1.8/webrick/server.rb:95:in `start'
  C:/Ruby/lib/ruby/1.8/webrick/server.rb:92:in `each'
  C:/Ruby/lib/ruby/1.8/webrick/server.rb:92:in `start'
  C:/Ruby/lib/ruby/1.8/webrick/server.rb:23:in `start'
  C:/Ruby/lib/ruby/1.8/webrick/server.rb:82:in `start'

Rendered rescues/_trace (109.0ms)
Rendered rescues/_request_and_response (3.0ms)
Rendering rescues/layout (internal_server_error)


Processing UserController#login (for 127.0.0.1 at 2010-03-31 17:55:22) [GET]
Rendering user/login
Completed in 143ms (View: 66, DB: 0) | 200 OK [http://localhost/]


Processing ApplicationController#index (for 127.0.0.1 at 2010-03-31 17:55:28) [GET]

ActionController::RoutingError (No route matches "/users/" with {:method=>:get}):
  C:/Ruby/lib/ruby/1.8/webrick/httpserver.rb:104:in `service'
  C:/Ruby/lib/ruby/1.8/webrick/httpserver.rb:65:in `run'
  C:/Ruby/lib/ruby/1.8/webrick/server.rb:173:in `start_thread'
  C:/Ruby/lib/ruby/1.8/webrick/server.rb:162:in `start'
  C:/Ruby/lib/ruby/1.8/webrick/server.rb:162:in `start_thread'
  C:/Ruby/lib/ruby/1.8/webrick/server.rb:95:in `start'
  C:/Ruby/lib/ruby/1.8/webrick/server.rb:92:in `each'
  C:/Ruby/lib/ruby/1.8/webrick/server.rb:92:in `start'
  C:/Ruby/lib/ruby/1.8/webrick/server.rb:23:in `start'
  C:/Ruby/lib/ruby/1.8/webrick/server.rb:82:in `start'

Rendering rescues/layout (not_found)


Processing ApplicationController#index (for 127.0.0.1 at 2010-03-31 17:55:30) [GET]

ActionController::RoutingError (No route matches "/users/add" with {:method=>:get}):
  C:/Ruby/lib/ruby/1.8/webrick/httpserver.rb:104:in `service'
  C:/Ruby/lib/ruby/1.8/webrick/httpserver.rb:65:in `run'
  C:/Ruby/lib/ruby/1.8/webrick/server.rb:173:in `start_thread'
  C:/Ruby/lib/ruby/1.8/webrick/server.rb:162:in `start'
  C:/Ruby/lib/ruby/1.8/webrick/server.rb:162:in `start_thread'
  C:/Ruby/lib/ruby/1.8/webrick/server.rb:95:in `start'
  C:/Ruby/lib/ruby/1.8/webrick/server.rb:92:in `each'
  C:/Ruby/lib/ruby/1.8/webrick/server.rb:92:in `start'
  C:/Ruby/lib/ruby/1.8/webrick/server.rb:23:in `start'
  C:/Ruby/lib/ruby/1.8/webrick/server.rb:82:in `start'

Rendering rescues/layout (not_found)


Processing ApplicationController#index (for 127.0.0.1 at 2010-03-31 17:55:34) [GET]

ActionController::RoutingError (No route matches "/users/create" with {:method=>:get}):
  C:/Ruby/lib/ruby/1.8/webrick/httpserver.rb:104:in `service'
  C:/Ruby/lib/ruby/1.8/webrick/httpserver.rb:65:in `run'
  C:/Ruby/lib/ruby/1.8/webrick/server.rb:173:in `start_thread'
  C:/Ruby/lib/ruby/1.8/webrick/server.rb:162:in `start'
  C:/Ruby/lib/ruby/1.8/webrick/server.rb:162:in `start_thread'
  C:/Ruby/lib/ruby/1.8/webrick/server.rb:95:in `start'
  C:/Ruby/lib/ruby/1.8/webrick/server.rb:92:in `each'
  C:/Ruby/lib/ruby/1.8/webrick/server.rb:92:in `start'
  C:/Ruby/lib/ruby/1.8/webrick/server.rb:23:in `start'
  C:/Ruby/lib/ruby/1.8/webrick/server.rb:82:in `start'

Rendering rescues/layout (not_found)


Processing ApplicationController#index (for 127.0.0.1 at 2010-03-31 17:55:36) [GET]

ActionController::RoutingError (No route matches "/users/edit" with {:method=>:get}):
  C:/Ruby/lib/ruby/1.8/webrick/httpserver.rb:104:in `service'
  C:/Ruby/lib/ruby/1.8/webrick/httpserver.rb:65:in `run'
  C:/Ruby/lib/ruby/1.8/webrick/server.rb:173:in `start_thread'
  C:/Ruby/lib/ruby/1.8/webrick/server.rb:162:in `start'
  C:/Ruby/lib/ruby/1.8/webrick/server.rb:162:in `start_thread'
  C:/Ruby/lib/ruby/1.8/webrick/server.rb:95:in `start'
  C:/Ruby/lib/ruby/1.8/webrick/server.rb:92:in `each'
  C:/Ruby/lib/ruby/1.8/webrick/server.rb:92:in `start'
  C:/Ruby/lib/ruby/1.8/webrick/server.rb:23:in `start'
  C:/Ruby/lib/ruby/1.8/webrick/server.rb:82:in `start'

Rendering rescues/layout (not_found)


Processing ApplicationController#index (for 127.0.0.1 at 2010-03-31 17:55:39) [GET]

ActionController::RoutingError (No route matches "/users/update" with {:method=>:get}):
  C:/Ruby/lib/ruby/1.8/webrick/httpserver.rb:104:in `service'
  C:/Ruby/lib/ruby/1.8/webrick/httpserver.rb:65:in `run'
  C:/Ruby/lib/ruby/1.8/webrick/server.rb:173:in `start_thread'
  C:/Ruby/lib/ruby/1.8/webrick/server.rb:162:in `start'
  C:/Ruby/lib/ruby/1.8/webrick/server.rb:162:in `start_thread'
  C:/Ruby/lib/ruby/1.8/webrick/server.rb:95:in `start'
  C:/Ruby/lib/ruby/1.8/webrick/server.rb:92:in `each'
  C:/Ruby/lib/ruby/1.8/webrick/server.rb:92:in `start'
  C:/Ruby/lib/ruby/1.8/webrick/server.rb:23:in `start'
  C:/Ruby/lib/ruby/1.8/webrick/server.rb:82:in `start'

Rendering rescues/layout (not_found)


Processing ApplicationController#index (for 127.0.0.1 at 2010-03-31 17:56:29) [GET]

ActionController::RoutingError (No route matches "/users" with {:method=>:get}):
  C:/Ruby/lib/ruby/1.8/webrick/httpserver.rb:104:in `service'
  C:/Ruby/lib/ruby/1.8/webrick/httpserver.rb:65:in `run'
  C:/Ruby/lib/ruby/1.8/webrick/server.rb:173:in `start_thread'
  C:/Ruby/lib/ruby/1.8/webrick/server.rb:162:in `start'
  C:/Ruby/lib/ruby/1.8/webrick/server.rb:162:in `start_thread'
  C:/Ruby/lib/ruby/1.8/webrick/server.rb:95:in `start'
  C:/Ruby/lib/ruby/1.8/webrick/server.rb:92:in `each'
  C:/Ruby/lib/ruby/1.8/webrick/server.rb:92:in `start'
  C:/Ruby/lib/ruby/1.8/webrick/server.rb:23:in `start'
  C:/Ruby/lib/ruby/1.8/webrick/server.rb:82:in `start'

Rendering rescues/layout (not_found)


Processing UserController#login (for 127.0.0.1 at 2010-03-31 17:56:34) [GET]
Rendering user/login
Completed in 10ms (View: 6, DB: 0) | 200 OK [http://localhost/user/login]


Processing UserController#login (for 127.0.0.1 at 2010-03-31 17:56:40) [POST]
  Parameters: {"commit"=>"Login", "authenticity_token"=>"B3fdpuIJIp1jZyvmrZwAw3Winsu6zsgIJG7zPBo00Tg=", "password"=>"12345", "email"=>"martim6@rpi.edu"}

ActiveRecord::StatementInvalid (Could not find table 'users'):
  app/models/user.rb:3:in `authenticate'
  app/controllers/user_controller.rb:6:in `login'
  C:/Ruby/lib/ruby/1.8/webrick/httpserver.rb:104:in `service'
  C:/Ruby/lib/ruby/1.8/webrick/httpserver.rb:65:in `run'
  C:/Ruby/lib/ruby/1.8/webrick/server.rb:173:in `start_thread'
  C:/Ruby/lib/ruby/1.8/webrick/server.rb:162:in `start'
  C:/Ruby/lib/ruby/1.8/webrick/server.rb:162:in `start_thread'
  C:/Ruby/lib/ruby/1.8/webrick/server.rb:95:in `start'
  C:/Ruby/lib/ruby/1.8/webrick/server.rb:92:in `each'
  C:/Ruby/lib/ruby/1.8/webrick/server.rb:92:in `start'
  C:/Ruby/lib/ruby/1.8/webrick/server.rb:23:in `start'
  C:/Ruby/lib/ruby/1.8/webrick/server.rb:82:in `start'

Rendered rescues/_trace (104.0ms)
Rendered rescues/_request_and_response (23.0ms)
Rendering rescues/layout (internal_server_error)
  [4;36;1mSQL (1.0ms)[0m   [0;1m SELECT name
 FROM sqlite_master
 WHERE type = 'table' AND NOT name = 'sqlite_sequence'
[0m
  [4;35;1mSQL (0.0ms)[0m   [0mselect sqlite_version(*)[0m
  [4;36;1mSQL (194.0ms)[0m   [0;1mCREATE TABLE "schema_migrations" ("version" varchar(255) NOT NULL) [0m
  [4;35;1mSQL (226.0ms)[0m   [0mCREATE UNIQUE INDEX "unique_schema_migrations" ON "schema_migrations" ("version")[0m
  [4;36;1mSQL (1.0ms)[0m   [0;1m SELECT name
 FROM sqlite_master
 WHERE type = 'table' AND NOT name = 'sqlite_sequence'
[0m
  [4;35;1mSQL (1.0ms)[0m   [0mSELECT version FROM schema_migrations[0m
Migrating to CreateUsers (20100329234012)
  [4;36;1mSQL (3.0ms)[0m   [0;1mCREATE TABLE "users" ("id" INTEGER PRIMARY KEY AUTOINCREMENT NOT NULL, "email" varchar(255), "firstname" varchar(255), "lastname" varchar(255), "password" varchar(255), "usertype" varchar(255), "created_at" datetime, "updated_at" datetime) [0m
  [4;35;1mSQL (0.0ms)[0m   [0mINSERT INTO schema_migrations (version) VALUES ('20100329234012')[0m
Migrating to AddUsers (20100329234114)
  [4;36;1mUser Delete all (3.0ms)[0m   [0;1mDELETE FROM "users" WHERE 1=1[0m
  [4;35;1mUser Load (0.0ms)[0m   [0mSELECT "users".id FROM "users" WHERE ("users"."email" = 'stettp@rpi.edu') LIMIT 1[0m
  [4;36;1mUser Create (0.0ms)[0m   [0;1mINSERT INTO "users" ("updated_at", "firstname", "lastname", "usertype", "password", "email", "created_at") VALUES('2010-03-31 21:58:25', 'patrick', 'stetter', 'admin', '12345', 'stettp@rpi.edu', '2010-03-31 21:58:25')[0m
  [4;35;1mUser Load (0.0ms)[0m   [0mSELECT "users".id FROM "users" WHERE ("users"."email" = 'mcclyc@rpi.edu') LIMIT 1[0m
  [4;36;1mUser Create (1.0ms)[0m   [0;1mINSERT INTO "users" ("updated_at", "firstname", "lastname", "usertype", "password", "email", "created_at") VALUES('2010-03-31 21:58:25', 'corey', 'mcclymonds', 'admin', '12345', 'mcclyc@rpi.edu', '2010-03-31 21:58:25')[0m
  [4;35;1mUser Load (0.0ms)[0m   [0mSELECT "users".id FROM "users" WHERE ("users"."email" = 'meteyd@rpi.edu') LIMIT 1[0m
  [4;36;1mUser Create (0.0ms)[0m   [0;1mINSERT INTO "users" ("updated_at", "firstname", "lastname", "usertype", "password", "email", "created_at") VALUES('2010-03-31 21:58:25', 'dan', 'meteyer', 'admin', '12345', 'meteyd@rpi.edu', '2010-03-31 21:58:25')[0m
  [4;35;1mUser Load (0.0ms)[0m   [0mSELECT "users".id FROM "users" WHERE ("users"."email" = 'martim6@rpi.edu') LIMIT 1[0m
  [4;36;1mUser Create (0.0ms)[0m   [0;1mINSERT INTO "users" ("updated_at", "firstname", "lastname", "usertype", "password", "email", "created_at") VALUES('2010-03-31 21:58:25', 'mike', 'martin', 'admin', '12345', 'martim6@rpi.edu', '2010-03-31 21:58:25')[0m
  [4;35;1mSQL (1.0ms)[0m   [0mINSERT INTO schema_migrations (version) VALUES ('20100329234114')[0m
  [4;36;1mSQL (1.0ms)[0m   [0;1m SELECT name
 FROM sqlite_master
 WHERE type = 'table' AND NOT name = 'sqlite_sequence'
[0m
  [4;35;1mSQL (0.0ms)[0m   [0mSELECT version FROM schema_migrations[0m
  [4;36;1mSQL (0.0ms)[0m   [0;1m SELECT name
 FROM sqlite_master
 WHERE type = 'table' AND NOT name = 'sqlite_sequence'
[0m
  [4;35;1mSQL (0.0ms)[0m   [0mPRAGMA index_list("users")[0m


Processing UserController#login (for 127.0.0.1 at 2010-03-31 17:58:46) [GET]
Rendering user/login
Completed in 270ms (View: 266, DB: 0) | 200 OK [http://localhost/]


Processing UserController#login (for 127.0.0.1 at 2010-03-31 17:58:51) [POST]
  Parameters: {"commit"=>"Login", "authenticity_token"=>"B3fdpuIJIp1jZyvmrZwAw3Winsu6zsgIJG7zPBo00Tg=", "password"=>"12345", "email"=>"martim6@rpi.edu"}
  [4;36;1mUser Load (1.0ms)[0m   [0;1mSELECT * FROM "users" WHERE ("users"."password" = '12345' AND "users"."email" = 'martim6@rpi.edu') LIMIT 1[0m
Redirected to http://localhost:3000/user
Completed in 155ms (DB: 1) | 302 Found [http://localhost/]


Processing UserController#index (for 127.0.0.1 at 2010-03-31 17:58:52) [GET]

ActionController::UnknownAction (No action responded to index. Actions: login):
  C:/Ruby/lib/ruby/1.8/webrick/httpserver.rb:104:in `service'
  C:/Ruby/lib/ruby/1.8/webrick/httpserver.rb:65:in `run'
  C:/Ruby/lib/ruby/1.8/webrick/server.rb:173:in `start_thread'
  C:/Ruby/lib/ruby/1.8/webrick/server.rb:162:in `start'
  C:/Ruby/lib/ruby/1.8/webrick/server.rb:162:in `start_thread'
  C:/Ruby/lib/ruby/1.8/webrick/server.rb:95:in `start'
  C:/Ruby/lib/ruby/1.8/webrick/server.rb:92:in `each'
  C:/Ruby/lib/ruby/1.8/webrick/server.rb:92:in `start'
  C:/Ruby/lib/ruby/1.8/webrick/server.rb:23:in `start'
  C:/Ruby/lib/ruby/1.8/webrick/server.rb:82:in `start'

Rendering rescues/layout (not_found)


Processing ApplicationController#index (for 127.0.0.1 at 2010-03-31 17:58:55) [GET]

ActionController::RoutingError (No route matches "/users" with {:method=>:get}):
  C:/Ruby/lib/ruby/1.8/webrick/httpserver.rb:104:in `service'
  C:/Ruby/lib/ruby/1.8/webrick/httpserver.rb:65:in `run'
  C:/Ruby/lib/ruby/1.8/webrick/server.rb:173:in `start_thread'
  C:/Ruby/lib/ruby/1.8/webrick/server.rb:162:in `start'
  C:/Ruby/lib/ruby/1.8/webrick/server.rb:162:in `start_thread'
  C:/Ruby/lib/ruby/1.8/webrick/server.rb:95:in `start'
  C:/Ruby/lib/ruby/1.8/webrick/server.rb:92:in `each'
  C:/Ruby/lib/ruby/1.8/webrick/server.rb:92:in `start'
  C:/Ruby/lib/ruby/1.8/webrick/server.rb:23:in `start'
  C:/Ruby/lib/ruby/1.8/webrick/server.rb:82:in `start'

Rendering rescues/layout (not_found)


Processing UserController#login (for 127.0.0.1 at 2010-04-03 15:02:40) [GET]
Rendering user/login
Completed in 7410ms (View: 187, DB: 0) | 200 OK [http://localhost/]


Processing UsersController#index (for 127.0.0.1 at 2010-04-03 15:02:53) [GET]
  [4;36;1mUser Load (0.0ms)[0m   [0;1mSELECT * FROM "users" [0m
Rendering template within layouts/users
Rendering users/index
Completed in 125ms (View: 109, DB: 0) | 200 OK [http://localhost/users]


Processing UserController#login (for 127.0.0.1 at 2010-04-03 15:03:04) [POST]
  Parameters: {"commit"=>"Login", "authenticity_token"=>"EQpEEJBz9HF3N+8wW+cNbI6Q0h6wFjocSvizUeuvQ5Q=", "password"=>"12345", "email"=>"martim6@rpi.edu"}
  [4;35;1mUser Load (0.0ms)[0m   [0mSELECT * FROM "users" WHERE ("users"."password" = '12345' AND "users"."email" = 'martim6@rpi.edu') LIMIT 1[0m
Redirected to http://localhost:3000/user
Completed in 156ms (DB: 0) | 302 Found [http://localhost/]


Processing UserController#index (for 127.0.0.1 at 2010-04-03 15:03:05) [GET]

ActionController::UnknownAction (No action responded to index. Actions: login):
  C:/Ruby/lib/ruby/1.8/webrick/httpserver.rb:104:in `service'
  C:/Ruby/lib/ruby/1.8/webrick/httpserver.rb:65:in `run'
  C:/Ruby/lib/ruby/1.8/webrick/server.rb:173:in `start_thread'
  C:/Ruby/lib/ruby/1.8/webrick/server.rb:162:in `start'
  C:/Ruby/lib/ruby/1.8/webrick/server.rb:162:in `start_thread'
  C:/Ruby/lib/ruby/1.8/webrick/server.rb:95:in `start'
  C:/Ruby/lib/ruby/1.8/webrick/server.rb:92:in `each'
  C:/Ruby/lib/ruby/1.8/webrick/server.rb:92:in `start'
  C:/Ruby/lib/ruby/1.8/webrick/server.rb:23:in `start'
  C:/Ruby/lib/ruby/1.8/webrick/server.rb:82:in `start'

Rendering rescues/layout (not_found)


Processing UsersController#index (for 127.0.0.1 at 2010-04-03 15:03:11) [GET]
  [4;36;1mUser Load (0.0ms)[0m   [0;1mSELECT * FROM "users" [0m
Rendering template within layouts/users
Rendering users/index
Completed in 140ms (View: 125, DB: 0) | 200 OK [http://localhost/users]


Processing UsersController#new (for 127.0.0.1 at 2010-04-03 15:03:19) [GET]
Rendering template within layouts/users
Rendering users/new
Completed in 62ms (View: 31, DB: 0) | 200 OK [http://localhost/users/new]


Processing UsersController#create (for 127.0.0.1 at 2010-04-03 15:04:10) [POST]
  Parameters: {"user"=>{"usertype"=>"admin", "lastname"=>"Dee", "firstname"=>"Tweedle", "password"=>"candy", "email"=>"tweedledee@disney.com"}, "commit"=>"Create", "authenticity_token"=>"EQpEEJBz9HF3N+8wW+cNbI6Q0h6wFjocSvizUeuvQ5Q="}
  [4;35;1mUser Load (0.0ms)[0m   [0mSELECT "users".id FROM "users" WHERE ("users"."email" = 'tweedledee@disney.com') LIMIT 1[0m
  [4;36;1mUser Create (15.6ms)[0m   [0;1mINSERT INTO "users" ("updated_at", "firstname", "lastname", "usertype", "password", "email", "created_at") VALUES('2010-04-03 19:04:10', 'Tweedle', 'Dee', 'admin', 'candy', 'tweedledee@disney.com', '2010-04-03 19:04:10')[0m
Redirected to http://localhost:3000/users/5
Completed in 218ms (DB: 16) | 302 Found [http://localhost/users]


Processing UsersController#show (for 127.0.0.1 at 2010-04-03 15:04:11) [GET]
  Parameters: {"id"=>"5"}
  [4;35;1mUser Load (0.0ms)[0m   [0mSELECT * FROM "users" WHERE ("users"."id" = 5) [0m
Rendering template within layouts/users
Rendering users/show
Completed in 47ms (View: 16, DB: 0) | 200 OK [http://localhost/users/5]


Processing UsersController#index (for 127.0.0.1 at 2010-04-03 15:04:33) [GET]
  [4;36;1mUser Load (0.0ms)[0m   [0;1mSELECT * FROM "users" [0m
Rendering template within layouts/users
Rendering users/index
Completed in 78ms (View: 62, DB: 0) | 200 OK [http://localhost/users]


Processing UserController#index (for 127.0.0.1 at 2010-04-03 15:04:37) [GET]

ActionController::UnknownAction (No action responded to index. Actions: login):
  C:/Ruby/lib/ruby/1.8/webrick/httpserver.rb:104:in `service'
  C:/Ruby/lib/ruby/1.8/webrick/httpserver.rb:65:in `run'
  C:/Ruby/lib/ruby/1.8/webrick/server.rb:173:in `start_thread'
  C:/Ruby/lib/ruby/1.8/webrick/server.rb:162:in `start'
  C:/Ruby/lib/ruby/1.8/webrick/server.rb:162:in `start_thread'
  C:/Ruby/lib/ruby/1.8/webrick/server.rb:95:in `start'
  C:/Ruby/lib/ruby/1.8/webrick/server.rb:92:in `each'
  C:/Ruby/lib/ruby/1.8/webrick/server.rb:92:in `start'
  C:/Ruby/lib/ruby/1.8/webrick/server.rb:23:in `start'
  C:/Ruby/lib/ruby/1.8/webrick/server.rb:82:in `start'

Rendering rescues/layout (not_found)


Processing UserController#login (for 127.0.0.1 at 2010-04-03 15:04:44) [GET]
Rendering user/login
Completed in 16ms (View: 16, DB: 0) | 200 OK [http://localhost/]


Processing UserController#login (for 127.0.0.1 at 2010-04-03 15:04:55) [POST]
  Parameters: {"commit"=>"Login", "authenticity_token"=>"EQpEEJBz9HF3N+8wW+cNbI6Q0h6wFjocSvizUeuvQ5Q=", "password"=>"candy", "email"=>"tweedledee@disney.com"}
  [4;35;1mUser Load (0.0ms)[0m   [0mSELECT * FROM "users" WHERE ("users"."password" = 'candy' AND "users"."email" = 'tweedledee@disney.com') LIMIT 1[0m
Redirected to http://localhost:3000/user
Completed in 16ms (DB: 0) | 302 Found [http://localhost/]


Processing UserController#index (for 127.0.0.1 at 2010-04-03 15:04:56) [GET]

ActionController::UnknownAction (No action responded to index. Actions: login):
  C:/Ruby/lib/ruby/1.8/webrick/httpserver.rb:104:in `service'
  C:/Ruby/lib/ruby/1.8/webrick/httpserver.rb:65:in `run'
  C:/Ruby/lib/ruby/1.8/webrick/server.rb:173:in `start_thread'
  C:/Ruby/lib/ruby/1.8/webrick/server.rb:162:in `start'
  C:/Ruby/lib/ruby/1.8/webrick/server.rb:162:in `start_thread'
  C:/Ruby/lib/ruby/1.8/webrick/server.rb:95:in `start'
  C:/Ruby/lib/ruby/1.8/webrick/server.rb:92:in `each'
  C:/Ruby/lib/ruby/1.8/webrick/server.rb:92:in `start'
  C:/Ruby/lib/ruby/1.8/webrick/server.rb:23:in `start'
  C:/Ruby/lib/ruby/1.8/webrick/server.rb:82:in `start'

Rendering rescues/layout (not_found)


Processing UsersController#show (for 127.0.0.1 at 2010-04-03 15:05:23) [GET]
  Parameters: {"id"=>"index"}
  [4;36;1mUser Load (0.0ms)[0m   [0;1mSELECT * FROM "users" WHERE ("users"."id" = 0) [0m

ActiveRecord::RecordNotFound (Couldn't find User with ID=index):
  app/controllers/users_controller.rb:16:in `show'
  C:/Ruby/lib/ruby/1.8/webrick/httpserver.rb:104:in `service'
  C:/Ruby/lib/ruby/1.8/webrick/httpserver.rb:65:in `run'
  C:/Ruby/lib/ruby/1.8/webrick/server.rb:173:in `start_thread'
  C:/Ruby/lib/ruby/1.8/webrick/server.rb:162:in `start'
  C:/Ruby/lib/ruby/1.8/webrick/server.rb:162:in `start_thread'
  C:/Ruby/lib/ruby/1.8/webrick/server.rb:95:in `start'
  C:/Ruby/lib/ruby/1.8/webrick/server.rb:92:in `each'
  C:/Ruby/lib/ruby/1.8/webrick/server.rb:92:in `start'
  C:/Ruby/lib/ruby/1.8/webrick/server.rb:23:in `start'
  C:/Ruby/lib/ruby/1.8/webrick/server.rb:82:in `start'

Rendered rescues/_trace (93.6ms)
Rendered rescues/_request_and_response (0.0ms)
Rendering rescues/layout (not_found)


Processing UsersController#index (for 127.0.0.1 at 2010-04-03 15:05:28) [GET]
  [4;35;1mUser Load (0.0ms)[0m   [0mSELECT * FROM "users" [0m
Rendering template within layouts/users
Rendering users/index
Completed in 156ms (View: 140, DB: 0) | 200 OK [http://localhost/users/]


Processing UserController#login (for 127.0.0.1 at 2010-04-03 15:06:05) [GET]
Rendering user/login
Completed in 16ms (View: 16, DB: 0) | 200 OK [http://localhost/]


Processing UserController#login (for 127.0.0.1 at 2010-04-03 15:06:13) [POST]
  Parameters: {"commit"=>"Login", "authenticity_token"=>"EQpEEJBz9HF3N+8wW+cNbI6Q0h6wFjocSvizUeuvQ5Q=", "password"=>"12345", "email"=>"martim6@rpi.edu"}
  [4;36;1mUser Load (0.0ms)[0m   [0;1mSELECT * FROM "users" WHERE ("users"."password" = '12345' AND "users"."email" = 'martim6@rpi.edu') LIMIT 1[0m
Redirected to http://localhost:3000/user/users
Completed in 31ms (DB: 0) | 302 Found [http://localhost/]


Processing UserController#users (for 127.0.0.1 at 2010-04-03 15:06:14) [GET]

ActionController::UnknownAction (No action responded to users. Actions: login):
  C:/Ruby/lib/ruby/1.8/webrick/httpserver.rb:104:in `service'
  C:/Ruby/lib/ruby/1.8/webrick/httpserver.rb:65:in `run'
  C:/Ruby/lib/ruby/1.8/webrick/server.rb:173:in `start_thread'
  C:/Ruby/lib/ruby/1.8/webrick/server.rb:162:in `start'
  C:/Ruby/lib/ruby/1.8/webrick/server.rb:162:in `start_thread'
  C:/Ruby/lib/ruby/1.8/webrick/server.rb:95:in `start'
  C:/Ruby/lib/ruby/1.8/webrick/server.rb:92:in `each'
  C:/Ruby/lib/ruby/1.8/webrick/server.rb:92:in `start'
  C:/Ruby/lib/ruby/1.8/webrick/server.rb:23:in `start'
  C:/Ruby/lib/ruby/1.8/webrick/server.rb:82:in `start'

Rendering rescues/layout (not_found)


Processing UserController#login (for 127.0.0.1 at 2010-04-03 15:06:52) [GET]
Rendering user/login
Completed in 16ms (View: 16, DB: 0) | 200 OK [http://localhost/]


Processing UserController#login (for 127.0.0.1 at 2010-04-03 15:06:58) [POST]
  Parameters: {"commit"=>"Login", "authenticity_token"=>"EQpEEJBz9HF3N+8wW+cNbI6Q0h6wFjocSvizUeuvQ5Q=", "password"=>"12345", "email"=>"martim6@rpi.edu"}
  [4;35;1mUser Load (0.0ms)[0m   [0mSELECT * FROM "users" WHERE ("users"."password" = '12345' AND "users"."email" = 'martim6@rpi.edu') LIMIT 1[0m
Redirected to http://localhost:3000/users
Completed in 31ms (DB: 0) | 302 Found [http://localhost/]


Processing UsersController#index (for 127.0.0.1 at 2010-04-03 15:06:59) [GET]
  [4;36;1mUser Load (0.0ms)[0m   [0;1mSELECT * FROM "users" [0m
Rendering template within layouts/users
Rendering users/index
Completed in 156ms (View: 125, DB: 0) | 200 OK [http://localhost/users]


Processing UsersController#new (for 127.0.0.1 at 2010-04-03 15:16:17) [GET]
Rendering template within layouts/users
Rendering users/new
Completed in 47ms (View: 31, DB: 0) | 200 OK [http://localhost/users/new]


Processing UsersController#new (for 127.0.0.1 at 2010-04-03 15:18:11) [GET]
Rendering template within layouts/users
Rendering users/new
Completed in 31ms (View: 16, DB: 0) | 200 OK [http://localhost/users/new]


Processing UsersController#create (for 127.0.0.1 at 2010-04-03 15:18:40) [POST]
  Parameters: {"user"=>{"usertype"=>"user", "lastname"=>"Dum", "firstname"=>"Tweedle", "password"=>"dumdum", "email"=>"tweedledum@disney.com"}, "commit"=>"Create", "authenticity_token"=>"EQpEEJBz9HF3N+8wW+cNbI6Q0h6wFjocSvizUeuvQ5Q="}
  [4;35;1mUser Load (0.0ms)[0m   [0mSELECT "users".id FROM "users" WHERE ("users"."email" = 'tweedledum@disney.com') LIMIT 1[0m
  [4;36;1mUser Create (15.6ms)[0m   [0;1mINSERT INTO "users" ("updated_at", "firstname", "lastname", "usertype", "password", "email", "created_at") VALUES('2010-04-03 19:18:40', 'Tweedle', 'Dum', 'user', 'dumdum', 'tweedledum@disney.com', '2010-04-03 19:18:40')[0m
Redirected to http://localhost:3000/users/6
Completed in 218ms (DB: 16) | 302 Found [http://localhost/users]


Processing UsersController#show (for 127.0.0.1 at 2010-04-03 15:18:41) [GET]
  Parameters: {"id"=>"6"}
  [4;35;1mUser Load (0.0ms)[0m   [0mSELECT * FROM "users" WHERE ("users"."id" = 6) [0m
Rendering template within layouts/users
Rendering users/show
Completed in 31ms (View: 16, DB: 0) | 200 OK [http://localhost/users/6]


Processing UsersController#index (for 127.0.0.1 at 2010-04-03 15:18:44) [GET]
  [4;36;1mUser Load (0.0ms)[0m   [0;1mSELECT * FROM "users" [0m
Rendering template within layouts/users
Rendering users/index
Completed in 187ms (View: 172, DB: 0) | 200 OK [http://localhost/users]


Processing ApplicationController#login (for 127.0.0.1 at 2010-04-03 15:18:48) [GET]

SyntaxError (C:/Users/Michael/yesdatabas/app/controllers/user_controller.rb:13: syntax error, unexpected ':', expecting kEND
				redirect_to :controller => :users :action => :user_id
				                                   ^):
  C:/Ruby/lib/ruby/1.8/webrick/httpserver.rb:104:in `service'
  C:/Ruby/lib/ruby/1.8/webrick/httpserver.rb:65:in `run'
  C:/Ruby/lib/ruby/1.8/webrick/server.rb:173:in `start_thread'
  C:/Ruby/lib/ruby/1.8/webrick/server.rb:162:in `start'
  C:/Ruby/lib/ruby/1.8/webrick/server.rb:162:in `start_thread'
  C:/Ruby/lib/ruby/1.8/webrick/server.rb:95:in `start'
  C:/Ruby/lib/ruby/1.8/webrick/server.rb:92:in `each'
  C:/Ruby/lib/ruby/1.8/webrick/server.rb:92:in `start'
  C:/Ruby/lib/ruby/1.8/webrick/server.rb:23:in `start'
  C:/Ruby/lib/ruby/1.8/webrick/server.rb:82:in `start'

Rendered rescues/_trace (93.6ms)
Rendered rescues/_request_and_response (0.0ms)
Rendering rescues/layout (internal_server_error)


Processing ApplicationController#login (for 127.0.0.1 at 2010-04-03 15:18:51) [GET]

SyntaxError (C:/Users/Michael/yesdatabas/app/controllers/user_controller.rb:13: syntax error, unexpected ':', expecting kEND
				redirect_to :controller => :users :action => :user_id
				                                   ^):
  C:/Ruby/lib/ruby/1.8/webrick/httpserver.rb:104:in `service'
  C:/Ruby/lib/ruby/1.8/webrick/httpserver.rb:65:in `run'
  C:/Ruby/lib/ruby/1.8/webrick/server.rb:173:in `start_thread'
  C:/Ruby/lib/ruby/1.8/webrick/server.rb:162:in `start'
  C:/Ruby/lib/ruby/1.8/webrick/server.rb:162:in `start_thread'
  C:/Ruby/lib/ruby/1.8/webrick/server.rb:95:in `start'
  C:/Ruby/lib/ruby/1.8/webrick/server.rb:92:in `each'
  C:/Ruby/lib/ruby/1.8/webrick/server.rb:92:in `start'
  C:/Ruby/lib/ruby/1.8/webrick/server.rb:23:in `start'
  C:/Ruby/lib/ruby/1.8/webrick/server.rb:82:in `start'

Rendered rescues/_trace (78.0ms)
Rendered rescues/_request_and_response (0.0ms)
Rendering rescues/layout (internal_server_error)


Processing ApplicationController#login (for 127.0.0.1 at 2010-04-03 15:18:56) [GET]

SyntaxError (C:/Users/Michael/yesdatabas/app/controllers/user_controller.rb:13: syntax error, unexpected ':', expecting kEND
				redirect_to :controller => :users :action => :user_id
				                                   ^):
  C:/Ruby/lib/ruby/1.8/webrick/httpserver.rb:104:in `service'
  C:/Ruby/lib/ruby/1.8/webrick/httpserver.rb:65:in `run'
  C:/Ruby/lib/ruby/1.8/webrick/server.rb:173:in `start_thread'
  C:/Ruby/lib/ruby/1.8/webrick/server.rb:162:in `start'
  C:/Ruby/lib/ruby/1.8/webrick/server.rb:162:in `start_thread'
  C:/Ruby/lib/ruby/1.8/webrick/server.rb:95:in `start'
  C:/Ruby/lib/ruby/1.8/webrick/server.rb:92:in `each'
  C:/Ruby/lib/ruby/1.8/webrick/server.rb:92:in `start'
  C:/Ruby/lib/ruby/1.8/webrick/server.rb:23:in `start'
  C:/Ruby/lib/ruby/1.8/webrick/server.rb:82:in `start'

Rendered rescues/_trace (156.0ms)
Rendered rescues/_request_and_response (0.0ms)
Rendering rescues/layout (internal_server_error)


Processing UserController#login (for 127.0.0.1 at 2010-04-03 15:19:19) [GET]
Rendering user/login
Completed in 16ms (View: 16, DB: 0) | 200 OK [http://localhost/]


Processing UserController#login (for 127.0.0.1 at 2010-04-03 15:19:28) [POST]
  Parameters: {"commit"=>"Login", "authenticity_token"=>"EQpEEJBz9HF3N+8wW+cNbI6Q0h6wFjocSvizUeuvQ5Q=", "password"=>"dumdum", "email"=>"tweedledum@disney.com"}
  [4;35;1mUser Load (0.0ms)[0m   [0mSELECT * FROM "users" WHERE ("users"."password" = 'dumdum' AND "users"."email" = 'tweedledum@disney.com') LIMIT 1[0m
Redirected to http://localhost:3000/users/user_id
Completed in 31ms (DB: 0) | 302 Found [http://localhost/]


Processing UsersController#show (for 127.0.0.1 at 2010-04-03 15:19:29) [GET]
  Parameters: {"id"=>"user_id"}
  [4;36;1mUser Load (0.0ms)[0m   [0;1mSELECT * FROM "users" WHERE ("users"."id" = 0) [0m

ActiveRecord::RecordNotFound (Couldn't find User with ID=user_id):
  app/controllers/users_controller.rb:16:in `show'
  C:/Ruby/lib/ruby/1.8/webrick/httpserver.rb:104:in `service'
  C:/Ruby/lib/ruby/1.8/webrick/httpserver.rb:65:in `run'
  C:/Ruby/lib/ruby/1.8/webrick/server.rb:173:in `start_thread'
  C:/Ruby/lib/ruby/1.8/webrick/server.rb:162:in `start'
  C:/Ruby/lib/ruby/1.8/webrick/server.rb:162:in `start_thread'
  C:/Ruby/lib/ruby/1.8/webrick/server.rb:95:in `start'
  C:/Ruby/lib/ruby/1.8/webrick/server.rb:92:in `each'
  C:/Ruby/lib/ruby/1.8/webrick/server.rb:92:in `start'
  C:/Ruby/lib/ruby/1.8/webrick/server.rb:23:in `start'
  C:/Ruby/lib/ruby/1.8/webrick/server.rb:82:in `start'

Rendered rescues/_trace (93.6ms)
Rendered rescues/_request_and_response (0.0ms)
Rendering rescues/layout (not_found)


Processing UserController#login (for 127.0.0.1 at 2010-04-03 15:20:48) [GET]
Rendering user/login
Completed in 16ms (View: 0, DB: 0) | 200 OK [http://localhost/]


Processing UserController#login (for 127.0.0.1 at 2010-04-03 15:21:00) [POST]
  Parameters: {"commit"=>"Login", "authenticity_token"=>"EQpEEJBz9HF3N+8wW+cNbI6Q0h6wFjocSvizUeuvQ5Q=", "password"=>"dumdum", "email"=>"tweedledum@disney.com"}
  [4;35;1mUser Load (0.0ms)[0m   [0mSELECT * FROM "users" WHERE ("users"."password" = 'dumdum' AND "users"."email" = 'tweedledum@disney.com') LIMIT 1[0m
Redirected to http://localhost:3000/users/6
Completed in 31ms (DB: 0) | 302 Found [http://localhost/]


Processing UsersController#show (for 127.0.0.1 at 2010-04-03 15:21:01) [GET]
  Parameters: {"id"=>"6"}
  [4;36;1mUser Load (0.0ms)[0m   [0;1mSELECT * FROM "users" WHERE ("users"."id" = 6) [0m
Rendering template within layouts/users
Rendering users/show
Completed in 31ms (View: 0, DB: 0) | 200 OK [http://localhost/users/6]


Processing UsersController#index (for 127.0.0.1 at 2010-04-03 15:21:17) [GET]
  [4;35;1mUser Load (0.0ms)[0m   [0mSELECT * FROM "users" [0m
Rendering template within layouts/users
Rendering users/index
Completed in 78ms (View: 62, DB: 0) | 200 OK [http://localhost/users]


Processing UsersController#edit (for 127.0.0.1 at 2010-04-03 15:21:29) [GET]
  Parameters: {"id"=>"6"}
  [4;36;1mUser Load (0.0ms)[0m   [0;1mSELECT * FROM "users" WHERE ("users"."id" = 6) [0m
Rendering template within layouts/users
Rendering users/edit
Completed in 62ms (View: 47, DB: 0) | 200 OK [http://localhost/users/6/edit]


Processing UsersController#index (for 127.0.0.1 at 2010-04-03 15:22:04) [GET]
  [4;35;1mUser Load (0.0ms)[0m   [0mSELECT * FROM "users" [0m
Rendering template within layouts/users
Rendering users/index
Completed in 156ms (View: 140, DB: 0) | 200 OK [http://localhost/users]
  [4;36;1mSQL (1.0ms)[0m   [0;1m SELECT name
 FROM sqlite_master
 WHERE type = 'table' AND NOT name = 'sqlite_sequence'
[0m
  [4;35;1mSQL (1.0ms)[0m   [0mSELECT version FROM schema_migrations[0m
  [4;36;1mSQL (1.0ms)[0m   [0;1mselect sqlite_version(*)[0m
  [4;35;1mSQL (0.0ms)[0m   [0m SELECT name
 FROM sqlite_master
 WHERE type = 'table' AND NOT name = 'sqlite_sequence'
[0m
  [4;36;1mSQL (159.0ms)[0m   [0;1mCREATE TABLE "users" ("id" INTEGER PRIMARY KEY AUTOINCREMENT NOT NULL, "email" varchar(255), "firstname" varchar(255), "lastname" varchar(255), "password" varchar(255), "usertype" varchar(255), "created_at" datetime, "updated_at" datetime) [0m
  [4;35;1mSQL (0.0ms)[0m   [0m SELECT name
 FROM sqlite_master
 WHERE type = 'table' AND NOT name = 'sqlite_sequence'
[0m
  [4;36;1mSQL (82.0ms)[0m   [0;1mCREATE TABLE "schema_migrations" ("version" varchar(255) NOT NULL) [0m
  [4;35;1mSQL (86.0ms)[0m   [0mCREATE UNIQUE INDEX "unique_schema_migrations" ON "schema_migrations" ("version")[0m
  [4;36;1mSQL (0.0ms)[0m   [0;1m SELECT name
 FROM sqlite_master
 WHERE type = 'table' AND NOT name = 'sqlite_sequence'
[0m
  [4;35;1mSQL (0.0ms)[0m   [0mSELECT version FROM "schema_migrations"[0m
  [4;36;1mSQL (91.0ms)[0m   [0;1mINSERT INTO "schema_migrations" (version) VALUES ('20100329234114')[0m
  [4;35;1mSQL (86.0ms)[0m   [0mINSERT INTO "schema_migrations" (version) VALUES ('20100329234012')[0m


Processing UserController#login (for 127.0.0.1 at 2010-04-07 16:44:58) [GET]
Rendering user/login
Completed in 2755ms (View: 59, DB: 0) | 200 OK [http://localhost/]


Processing ApplicationController#index (for 127.0.0.1 at 2010-04-07 16:45:01) [GET]

ActionController::RoutingError (No route matches "/login.css" with {:method=>:get}):
  C:/Ruby/lib/ruby/1.8/webrick/httpserver.rb:104:in `service'
  C:/Ruby/lib/ruby/1.8/webrick/httpserver.rb:65:in `run'
  C:/Ruby/lib/ruby/1.8/webrick/server.rb:173:in `start_thread'
  C:/Ruby/lib/ruby/1.8/webrick/server.rb:162:in `start'
  C:/Ruby/lib/ruby/1.8/webrick/server.rb:162:in `start_thread'
  C:/Ruby/lib/ruby/1.8/webrick/server.rb:95:in `start'
  C:/Ruby/lib/ruby/1.8/webrick/server.rb:92:in `each'
  C:/Ruby/lib/ruby/1.8/webrick/server.rb:92:in `start'
  C:/Ruby/lib/ruby/1.8/webrick/server.rb:23:in `start'
  C:/Ruby/lib/ruby/1.8/webrick/server.rb:82:in `start'
  server:3

Rendering rescues/layout (not_found)


Processing UserController#login (for 127.0.0.1 at 2010-04-07 16:45:14) [POST]
  Parameters: {"commit"=>"Login", "authenticity_token"=>"kI6ONZctrVQGAHh6UgLYJ3j0/YsULIuVdDcOneXkniQ=", "password"=>"csmc1989", "email"=>"mcclyc@rpi.edu"}
  [4;36;1mUser Load (0.0ms)[0m   [0;1mSELECT * FROM "users" WHERE ("users"."password" = 'csmc1989' AND "users"."email" = 'mcclyc@rpi.edu') LIMIT 1[0m
Rendering user/login
Completed in 50ms (View: 3, DB: 0) | 200 OK [http://localhost/]


Processing ApplicationController#index (for 127.0.0.1 at 2010-04-07 16:45:15) [GET]

ActionController::RoutingError (No route matches "/login.css" with {:method=>:get}):
  C:/Ruby/lib/ruby/1.8/webrick/httpserver.rb:104:in `service'
  C:/Ruby/lib/ruby/1.8/webrick/httpserver.rb:65:in `run'
  C:/Ruby/lib/ruby/1.8/webrick/server.rb:173:in `start_thread'
  C:/Ruby/lib/ruby/1.8/webrick/server.rb:162:in `start'
  C:/Ruby/lib/ruby/1.8/webrick/server.rb:162:in `start_thread'
  C:/Ruby/lib/ruby/1.8/webrick/server.rb:95:in `start'
  C:/Ruby/lib/ruby/1.8/webrick/server.rb:92:in `each'
  C:/Ruby/lib/ruby/1.8/webrick/server.rb:92:in `start'
  C:/Ruby/lib/ruby/1.8/webrick/server.rb:23:in `start'
  C:/Ruby/lib/ruby/1.8/webrick/server.rb:82:in `start'
  server:3

Rendering rescues/layout (not_found)


Processing UserController#login (for 127.0.0.1 at 2010-04-07 16:45:18) [POST]
  Parameters: {"commit"=>"Login", "authenticity_token"=>"kI6ONZctrVQGAHh6UgLYJ3j0/YsULIuVdDcOneXkniQ=", "password"=>"12345", "email"=>"mcclyc@rpi.edu"}
  [4;35;1mUser Load (1.0ms)[0m   [0mSELECT * FROM "users" WHERE ("users"."password" = '12345' AND "users"."email" = 'mcclyc@rpi.edu') LIMIT 1[0m
Redirected to http://localhost:3000/users
Completed in 15ms (DB: 1) | 302 Found [http://localhost/]


Processing UsersController#index (for 127.0.0.1 at 2010-04-07 16:45:19) [GET]
  [4;36;1mUser Load (1.0ms)[0m   [0;1mSELECT * FROM "users" [0m
Rendering template within layouts/users
Rendering users/index
Completed in 60ms (View: 49, DB: 1) | 200 OK [http://localhost/users]


Processing UsersController#edit (for 127.0.0.1 at 2010-04-07 16:45:29) [GET]
  Parameters: {"id"=>"2"}
  [4;35;1mUser Load (1.0ms)[0m   [0mSELECT * FROM "users" WHERE ("users"."id" = 2) [0m
Rendering template within layouts/users
Rendering users/edit
Completed in 30ms (View: 16, DB: 1) | 200 OK [http://localhost/users/2/edit]


Processing UsersController#update (for 127.0.0.1 at 2010-04-07 16:45:43) [PUT]
  Parameters: {"user"=>{"usertype"=>"admin", "lastname"=>"mcclymonds", "firstname"=>"corey", "password"=>"23456", "email"=>"mcclyc@rpi.edu"}, "commit"=>"Update", "authenticity_token"=>"kI6ONZctrVQGAHh6UgLYJ3j0/YsULIuVdDcOneXkniQ=", "id"=>"2"}
  [4;36;1mUser Load (0.0ms)[0m   [0;1mSELECT * FROM "users" WHERE ("users"."id" = 2) [0m
  [4;35;1mUser Load (1.0ms)[0m   [0mSELECT "users".id FROM "users" WHERE ("users"."email" = 'mcclyc@rpi.edu' AND "users".id <> 2) LIMIT 1[0m
  [4;36;1mUser Update (1.0ms)[0m   [0;1mUPDATE "users" SET "password" = '23456', "updated_at" = '2010-04-07 20:45:43' WHERE "id" = 2[0m
Redirected to http://localhost:3000/users/2
Completed in 198ms (DB: 2) | 302 Found [http://localhost/users/2]


Processing UsersController#show (for 127.0.0.1 at 2010-04-07 16:45:44) [GET]
  Parameters: {"id"=>"2"}
  [4;35;1mUser Load (0.0ms)[0m   [0mSELECT * FROM "users" WHERE ("users"."id" = 2) [0m
Rendering template within layouts/users
Rendering users/show
Completed in 22ms (View: 11, DB: 0) | 200 OK [http://localhost/users/2]


Processing UsersController#index (for 127.0.0.1 at 2010-04-07 16:45:47) [GET]
  [4;36;1mUser Load (1.0ms)[0m   [0;1mSELECT * FROM "users" [0m
Rendering template within layouts/users
Rendering users/index
Completed in 40ms (View: 30, DB: 1) | 200 OK [http://localhost/users]


Processing UserController#login (for 127.0.0.1 at 2010-04-17 14:24:40) [GET]
Rendering user/login
Completed in 3267ms (View: 162, DB: 0) | 200 OK [http://localhost/]


Processing ApplicationController#index (for 127.0.0.1 at 2010-04-17 14:24:43) [GET]

ActionController::RoutingError (No route matches "/login.css" with {:method=>:get}):
  C:/Ruby/lib/ruby/1.8/webrick/httpserver.rb:104:in `service'
  C:/Ruby/lib/ruby/1.8/webrick/httpserver.rb:65:in `run'
  C:/Ruby/lib/ruby/1.8/webrick/server.rb:173:in `start_thread'
  C:/Ruby/lib/ruby/1.8/webrick/server.rb:162:in `start'
  C:/Ruby/lib/ruby/1.8/webrick/server.rb:162:in `start_thread'
  C:/Ruby/lib/ruby/1.8/webrick/server.rb:95:in `start'
  C:/Ruby/lib/ruby/1.8/webrick/server.rb:92:in `each'
  C:/Ruby/lib/ruby/1.8/webrick/server.rb:92:in `start'
  C:/Ruby/lib/ruby/1.8/webrick/server.rb:23:in `start'
  C:/Ruby/lib/ruby/1.8/webrick/server.rb:82:in `start'
  server:3

Rendering rescues/layout (not_found)
  [4;36;1mSQL (70.0ms)[0m   [0;1m SELECT name
 FROM sqlite_master
 WHERE type = 'table' AND NOT name = 'sqlite_sequence'
[0m
  [4;35;1mSQL (1.0ms)[0m   [0mSELECT version FROM schema_migrations[0m
Migrating to CreateUsers (20100329234012)
Migrating to AddUsers (20100329234114)
Migrating to CreateDataFields (20100417191122)
  [4;36;1mSQL (0.0ms)[0m   [0;1mselect sqlite_version(*)[0m
  [4;35;1mSQL (2.0ms)[0m   [0mCREATE TABLE "data_fields" ("id" INTEGER PRIMARY KEY AUTOINCREMENT NOT NULL, "value" varchar(255), "user_id" integer, "field_type_id" integer) [0m
  [4;36;1mSQL (1.0ms)[0m   [0;1mINSERT INTO schema_migrations (version) VALUES ('20100417191122')[0m
Migrating to CreateFieldTypes (20100417195837)
  [4;35;1mSQL (1.0ms)[0m   [0mCREATE TABLE "field_types" ("id" INTEGER PRIMARY KEY AUTOINCREMENT NOT NULL, "name" varchar(255), "description" varchar(255), "created_at" datetime, "updated_at" datetime) [0m
  [4;36;1mSQL (0.0ms)[0m   [0;1mINSERT INTO schema_migrations (version) VALUES ('20100417195837')[0m
  [4;35;1mSQL (0.0ms)[0m   [0m SELECT name
 FROM sqlite_master
 WHERE type = 'table' AND NOT name = 'sqlite_sequence'
[0m
  [4;36;1mSQL (1.0ms)[0m   [0;1mSELECT version FROM schema_migrations[0m
  [4;35;1mSQL (0.0ms)[0m   [0m SELECT name
 FROM sqlite_master
 WHERE type = 'table' AND NOT name = 'sqlite_sequence'
[0m
  [4;36;1mSQL (0.0ms)[0m   [0;1mPRAGMA index_list("data_fields")[0m
  [4;35;1mSQL (0.0ms)[0m   [0mPRAGMA index_list("field_types")[0m
  [4;36;1mSQL (0.0ms)[0m   [0;1mPRAGMA index_list("users")[0m


Processing UserController#login (for 127.0.0.1 at 2010-04-17 16:31:01) [GET]
Rendering user/login
Completed in 98ms (View: 96, DB: 0) | 200 OK [http://localhost/]


Processing ApplicationController#index (for 127.0.0.1 at 2010-04-17 16:31:01) [GET]

ActionController::RoutingError (No route matches "/login.css" with {:method=>:get}):
  C:/Ruby/lib/ruby/1.8/webrick/httpserver.rb:104:in `service'
  C:/Ruby/lib/ruby/1.8/webrick/httpserver.rb:65:in `run'
  C:/Ruby/lib/ruby/1.8/webrick/server.rb:173:in `start_thread'
  C:/Ruby/lib/ruby/1.8/webrick/server.rb:162:in `start'
  C:/Ruby/lib/ruby/1.8/webrick/server.rb:162:in `start_thread'
  C:/Ruby/lib/ruby/1.8/webrick/server.rb:95:in `start'
  C:/Ruby/lib/ruby/1.8/webrick/server.rb:92:in `each'
  C:/Ruby/lib/ruby/1.8/webrick/server.rb:92:in `start'
  C:/Ruby/lib/ruby/1.8/webrick/server.rb:23:in `start'
  C:/Ruby/lib/ruby/1.8/webrick/server.rb:82:in `start'

Rendering rescues/layout (not_found)


Processing UserController#login (for 127.0.0.1 at 2010-04-17 16:31:06) [POST]
  Parameters: {"commit"=>"Login", "authenticity_token"=>"i2jncqAWxh4tTbQKDfALgawmK9TU7G1zC5+J6f4wfUE=", "password"=>"12345", "email"=>"mcclyc@rpi.edu"}
  [4;36;1mUser Load (1.0ms)[0m   [0;1mSELECT * FROM "users" WHERE ("users"."password" = '12345' AND "users"."email" = 'mcclyc@rpi.edu') LIMIT 1[0m
Rendering user/login
Completed in 180ms (View: 4, DB: 1) | 200 OK [http://localhost/]


Processing ApplicationController#index (for 127.0.0.1 at 2010-04-17 16:31:07) [GET]

ActionController::RoutingError (No route matches "/login.css" with {:method=>:get}):
  C:/Ruby/lib/ruby/1.8/webrick/httpserver.rb:104:in `service'
  C:/Ruby/lib/ruby/1.8/webrick/httpserver.rb:65:in `run'
  C:/Ruby/lib/ruby/1.8/webrick/server.rb:173:in `start_thread'
  C:/Ruby/lib/ruby/1.8/webrick/server.rb:162:in `start'
  C:/Ruby/lib/ruby/1.8/webrick/server.rb:162:in `start_thread'
  C:/Ruby/lib/ruby/1.8/webrick/server.rb:95:in `start'
  C:/Ruby/lib/ruby/1.8/webrick/server.rb:92:in `each'
  C:/Ruby/lib/ruby/1.8/webrick/server.rb:92:in `start'
  C:/Ruby/lib/ruby/1.8/webrick/server.rb:23:in `start'
  C:/Ruby/lib/ruby/1.8/webrick/server.rb:82:in `start'

Rendering rescues/layout (not_found)


Processing UserController#login (for 127.0.0.1 at 2010-04-17 16:31:15) [POST]
  Parameters: {"commit"=>"Login", "authenticity_token"=>"i2jncqAWxh4tTbQKDfALgawmK9TU7G1zC5+J6f4wfUE=", "password"=>"23456", "email"=>"mcclyc@rpi.edu"}
  [4;35;1mUser Load (0.0ms)[0m   [0mSELECT * FROM "users" WHERE ("users"."password" = '23456' AND "users"."email" = 'mcclyc@rpi.edu') LIMIT 1[0m
Redirected to http://localhost:3000/users
Completed in 18ms (DB: 0) | 302 Found [http://localhost/]


Processing UsersController#index (for 127.0.0.1 at 2010-04-17 16:31:16) [GET]
  [4;36;1mUser Load (1.0ms)[0m   [0;1mSELECT * FROM "users" [0m
Rendering template within layouts/users
Rendering users/index
Completed in 96ms (View: 84, DB: 1) | 200 OK [http://localhost/users]


Processing UsersController#new (for 127.0.0.1 at 2010-04-17 16:31:36) [GET]
Rendering template within layouts/users
Rendering users/new
Completed in 87ms (View: 74, DB: 0) | 200 OK [http://localhost/users/new]


Processing UsersController#index (for 127.0.0.1 at 2010-04-17 16:31:41) [GET]
  [4;35;1mUser Load (5.0ms)[0m   [0mSELECT * FROM "users" [0m
Rendering template within layouts/users
Rendering users/index
Completed in 54ms (View: 38, DB: 5) | 200 OK [http://localhost/users]


Processing UsersController#show (for 127.0.0.1 at 2010-04-17 16:31:49) [GET]
  Parameters: {"id"=>"1"}
  [4;36;1mUser Load (1.0ms)[0m   [0;1mSELECT * FROM "users" WHERE ("users"."id" = 1) [0m
Rendering template within layouts/users
Rendering users/show
Completed in 28ms (View: 14, DB: 1) | 200 OK [http://localhost/users/1]
